\BOOKMARK [1][-]{section.1}{Abstract}{}% 1
\BOOKMARK [1][-]{section.2}{Introduction}{}% 2
\BOOKMARK [1][-]{section.3}{Reinforcement Learning Introduction}{}% 3
\BOOKMARK [1][-]{section.4}{Problem Description}{}% 4
\BOOKMARK [2][-]{subsection.4.1}{Problem Characteristics}{section.4}% 5
\BOOKMARK [2][-]{subsection.4.2}{Gazebo Parameters}{section.4}% 6
\BOOKMARK [1][-]{section.5}{Approach}{}% 7
\BOOKMARK [2][-]{subsection.5.1}{Reward Structure}{section.5}% 8
\BOOKMARK [2][-]{subsection.5.2}{Qlearning}{section.5}% 9
\BOOKMARK [3][-]{subsubsection.5.2.1}{Hyperparameters}{subsection.5.2}% 10
\BOOKMARK [3][-]{subsubsection.5.2.2}{Policy, Steps And Episodes}{subsection.5.2}% 11
\BOOKMARK [3][-]{subsubsection.5.2.3}{Qlearning Results}{subsection.5.2}% 12
\BOOKMARK [3][-]{subsubsection.5.2.4}{limitations}{subsection.5.2}% 13
\BOOKMARK [2][-]{subsection.5.3}{Deep Qlearning}{section.5}% 14
\BOOKMARK [3][-]{subsubsection.5.3.1}{Function Approximation}{subsection.5.3}% 15
\BOOKMARK [3][-]{subsubsection.5.3.2}{Mini Batch Training Method}{subsection.5.3}% 16
\BOOKMARK [3][-]{subsubsection.5.3.3}{Architecture}{subsection.5.3}% 17
\BOOKMARK [3][-]{subsubsection.5.3.4}{Policy, Steps and Episodes}{subsection.5.3}% 18
\BOOKMARK [3][-]{subsubsection.5.3.5}{Hyperparameters}{subsection.5.3}% 19
\BOOKMARK [2][-]{subsection.5.4}{Results}{section.5}% 20
\BOOKMARK [2][-]{subsection.5.5}{Tools Used}{section.5}% 21
\BOOKMARK [1][-]{section.6}{Analysis}{}% 22
\BOOKMARK [1][-]{section.7}{Conclusions}{}% 23
\BOOKMARK [1][-]{section.8}{Future Work}{}% 24
\BOOKMARK [1][-]{section.9}{Bibliography}{}% 25
\BOOKMARK [1][-]{section.10}{Appendix}{}% 26
